<?xml version="1.0" encoding="UTF-8"?>
<testng-results ignored="0" total="2" passed="1" failed="1" skipped="0">
  <reporter-output>
  </reporter-output>
  <suite started-at="2022-06-27T18:32:36 CDT" name="Default suite" finished-at="2022-06-27T18:39:28 CDT" duration-ms="412465">
    <groups>
    </groups>
    <test started-at="2022-06-27T18:32:36 CDT" name="Default test" finished-at="2022-06-27T18:39:28 CDT" duration-ms="412465">
      <class name="com.bw.tests.i360.BestWesternWF1">
        <test-method is-config="true" signature="beforeSuite(org.testng.ITestContext)[pri:0, instance:com.bw.tests.i360.BestWesternWF1@7bbc8656]" started-at="2022-06-27T18:32:36 CDT" name="beforeSuite" finished-at="2022-06-27T18:32:36 CDT" duration-ms="345" status="PASS">
          <params>
            <param index="0">
              <value>
                <![CDATA[org.testng.TestRunner@7d7758be]]>
              </value>
            </param>
          </params>
          <reporter-output>
          </reporter-output>
        </test-method> <!-- beforeSuite -->
        <test-method is-config="true" signature="createTestRun(org.testng.ITestContext)[pri:0, instance:com.bw.tests.i360.BestWesternWF1@7bbc8656]" started-at="2022-06-27T18:32:36 CDT" name="createTestRun" finished-at="2022-06-27T18:32:36 CDT" duration-ms="0" status="PASS">
          <params>
            <param index="0">
              <value>
                <![CDATA[org.testng.TestRunner@7d7758be]]>
              </value>
            </param>
          </params>
          <reporter-output>
          </reporter-output>
        </test-method> <!-- createTestRun -->
        <test-method is-config="true" signature="baseBeforeMethod(java.lang.reflect.Method)[pri:0, instance:com.bw.tests.i360.BestWesternWF1@7bbc8656]" started-at="2022-06-27T18:32:36 CDT" name="baseBeforeMethod" finished-at="2022-06-27T18:32:36 CDT" duration-ms="10" status="PASS">
          <params>
            <param index="0">
              <value>
                <![CDATA[public void com.bw.tests.i360.BestWesternWF1.TC_BestWesternWF1() throws java.lang.Exception]]>
              </value>
            </param>
          </params>
          <reporter-output>
          </reporter-output>
        </test-method> <!-- baseBeforeMethod -->
        <test-method is-config="true" signature="uiBeforeMethod(java.lang.reflect.Method,java.lang.String,java.lang.String)[pri:0, instance:com.bw.tests.i360.BestWesternWF1@7bbc8656]" started-at="2022-06-27T18:32:36 CDT" name="uiBeforeMethod" finished-at="2022-06-27T18:32:38 CDT" duration-ms="1760" status="PASS">
          <params>
            <param index="0">
              <value>
                <![CDATA[public void com.bw.tests.i360.BestWesternWF1.TC_BestWesternWF1() throws java.lang.Exception]]>
              </value>
            </param>
            <param index="1">
              <value is-null="true"/>
            </param>
            <param index="2">
              <value is-null="true"/>
            </param>
          </params>
          <reporter-output>
          </reporter-output>
        </test-method> <!-- uiBeforeMethod -->
        <test-method signature="TC_BestWesternWF1()[pri:0, instance:com.bw.tests.i360.BestWesternWF1@7bbc8656]" started-at="2022-06-27T18:32:38 CDT" name="TC_BestWesternWF1" finished-at="2022-06-27T18:34:47 CDT" duration-ms="129344" status="PASS">
          <reporter-output>
          </reporter-output>
        </test-method> <!-- TC_BestWesternWF1 -->
        <test-method is-config="true" signature="uiAfterMethod()[pri:0, instance:com.bw.tests.i360.BestWesternWF1@7bbc8656]" started-at="2022-06-27T18:34:47 CDT" name="uiAfterMethod" finished-at="2022-06-27T18:34:48 CDT" duration-ms="640" status="PASS">
          <reporter-output>
          </reporter-output>
        </test-method> <!-- uiAfterMethod -->
        <test-method is-config="true" signature="afterMethod(java.lang.reflect.Method)[pri:0, instance:com.bw.tests.i360.BestWesternWF1@7bbc8656]" started-at="2022-06-27T18:34:48 CDT" name="afterMethod" finished-at="2022-06-27T18:34:48 CDT" duration-ms="97" status="PASS">
          <params>
            <param index="0">
              <value>
                <![CDATA[public void com.bw.tests.i360.BestWesternWF1.TC_BestWesternWF1() throws java.lang.Exception]]>
              </value>
            </param>
          </params>
          <reporter-output>
          </reporter-output>
        </test-method> <!-- afterMethod -->
        <test-method is-config="true" signature="updateTestResults(java.lang.reflect.Method,org.testng.ITestResult)[pri:0, instance:com.bw.tests.i360.BestWesternWF1@7bbc8656]" started-at="2022-06-27T18:34:48 CDT" name="updateTestResults" finished-at="2022-06-27T18:34:48 CDT" duration-ms="0" status="PASS">
          <params>
            <param index="0">
              <value>
                <![CDATA[public void com.bw.tests.i360.BestWesternWF1.TC_BestWesternWF1() throws java.lang.Exception]]>
              </value>
            </param>
            <param index="1">
              <value>
                <![CDATA[[TestResult name=TC_BestWesternWF1 status=SUCCESS method=BestWesternWF1.TC_BestWesternWF1()[pri:0, instance:com.bw.tests.i360.BestWesternWF1@7bbc8656] output={null}]]]>
              </value>
            </param>
          </params>
          <reporter-output>
          </reporter-output>
        </test-method> <!-- updateTestResults -->
        <test-method is-config="true" signature="baseBeforeMethod(java.lang.reflect.Method)[pri:0, instance:com.bw.tests.i360.BestWesternWF1@7bbc8656]" started-at="2022-06-27T18:34:48 CDT" name="baseBeforeMethod" finished-at="2022-06-27T18:34:48 CDT" duration-ms="1" status="PASS">
          <params>
            <param index="0">
              <value>
                <![CDATA[public void com.bw.tests.i360.BestWesternWF1.TC_BestWesternWF2() throws java.lang.Exception]]>
              </value>
            </param>
          </params>
          <reporter-output>
          </reporter-output>
        </test-method> <!-- baseBeforeMethod -->
        <test-method is-config="true" signature="uiBeforeMethod(java.lang.reflect.Method,java.lang.String,java.lang.String)[pri:0, instance:com.bw.tests.i360.BestWesternWF1@7bbc8656]" started-at="2022-06-27T18:34:48 CDT" name="uiBeforeMethod" finished-at="2022-06-27T18:34:49 CDT" duration-ms="1247" status="PASS">
          <params>
            <param index="0">
              <value>
                <![CDATA[public void com.bw.tests.i360.BestWesternWF1.TC_BestWesternWF2() throws java.lang.Exception]]>
              </value>
            </param>
            <param index="1">
              <value is-null="true"/>
            </param>
            <param index="2">
              <value is-null="true"/>
            </param>
          </params>
          <reporter-output>
          </reporter-output>
        </test-method> <!-- uiBeforeMethod -->
        <test-method signature="TC_BestWesternWF2()[pri:0, instance:com.bw.tests.i360.BestWesternWF1@7bbc8656]" started-at="2022-06-27T18:34:49 CDT" name="TC_BestWesternWF2" finished-at="2022-06-27T18:39:27 CDT" duration-ms="278431" status="FAIL">
          <exception class="java.lang.Exception">
            <message>
              <![CDATA[Unable to validate the summary page 
Element Reservation Summary Page is not Displayed on UI]]>
            </message>
            <full-stacktrace>
              <![CDATA[java.lang.Exception: Unable to validate the summary page 
Element Reservation Summary Page is not Displayed on UI
at com.bw.pageobjects.i360.SelectRoomPage.verifySummaryPage1(SelectRoomPage.java:99)
at com.bw.tests.i360.BestWesternWF1.TC_BestWesternWF2(BestWesternWF1.java:47)
at java.base/jdk.internal.reflect.NativeMethodAccessorImpl.invoke0(Native Method)
at java.base/jdk.internal.reflect.NativeMethodAccessorImpl.invoke(NativeMethodAccessorImpl.java:77)
at java.base/jdk.internal.reflect.DelegatingMethodAccessorImpl.invoke(DelegatingMethodAccessorImpl.java:43)
at java.base/java.lang.reflect.Method.invoke(Method.java:568)
at org.testng.internal.MethodInvocationHelper.invokeMethod(MethodInvocationHelper.java:133)
at org.testng.internal.TestInvoker.invokeMethod(TestInvoker.java:598)
at org.testng.internal.TestInvoker.invokeTestMethod(TestInvoker.java:173)
at org.testng.internal.MethodRunner.runInSequence(MethodRunner.java:46)
at org.testng.internal.TestInvoker$MethodInvocationAgent.invoke(TestInvoker.java:824)
at org.testng.internal.TestInvoker.invokeTestMethods(TestInvoker.java:146)
at org.testng.internal.TestMethodWorker.invokeTestMethods(TestMethodWorker.java:146)
at org.testng.internal.TestMethodWorker.run(TestMethodWorker.java:128)
at java.base/java.util.ArrayList.forEach(ArrayList.java:1511)
at org.testng.TestRunner.privateRun(TestRunner.java:794)
at org.testng.TestRunner.run(TestRunner.java:596)
at org.testng.SuiteRunner.runTest(SuiteRunner.java:377)
at org.testng.SuiteRunner.runSequentially(SuiteRunner.java:371)
at org.testng.SuiteRunner.privateRun(SuiteRunner.java:332)
at org.testng.SuiteRunner.run(SuiteRunner.java:276)
at org.testng.SuiteRunnerWorker.runSuite(SuiteRunnerWorker.java:53)
at org.testng.SuiteRunnerWorker.run(SuiteRunnerWorker.java:96)
at java.base/java.util.concurrent.ThreadPoolExecutor.runWorker(ThreadPoolExecutor.java:1136)
at java.base/java.util.concurrent.ThreadPoolExecutor$Worker.run(ThreadPoolExecutor.java:635)
at java.base/java.lang.Thread.run(Thread.java:833)
]]>
            </full-stacktrace>
          </exception> <!-- java.lang.Exception -->
          <reporter-output>
          </reporter-output>
        </test-method> <!-- TC_BestWesternWF2 -->
        <test-method is-config="true" signature="uiAfterMethod()[pri:0, instance:com.bw.tests.i360.BestWesternWF1@7bbc8656]" started-at="2022-06-27T18:39:27 CDT" name="uiAfterMethod" finished-at="2022-06-27T18:39:28 CDT" duration-ms="609" status="PASS">
          <reporter-output>
          </reporter-output>
        </test-method> <!-- uiAfterMethod -->
        <test-method is-config="true" signature="afterMethod(java.lang.reflect.Method)[pri:0, instance:com.bw.tests.i360.BestWesternWF1@7bbc8656]" started-at="2022-06-27T18:39:28 CDT" name="afterMethod" finished-at="2022-06-27T18:39:28 CDT" duration-ms="289" status="PASS">
          <params>
            <param index="0">
              <value>
                <![CDATA[public void com.bw.tests.i360.BestWesternWF1.TC_BestWesternWF2() throws java.lang.Exception]]>
              </value>
            </param>
          </params>
          <reporter-output>
          </reporter-output>
        </test-method> <!-- afterMethod -->
        <test-method is-config="true" signature="updateTestResults(java.lang.reflect.Method,org.testng.ITestResult)[pri:0, instance:com.bw.tests.i360.BestWesternWF1@7bbc8656]" started-at="2022-06-27T18:39:28 CDT" name="updateTestResults" finished-at="2022-06-27T18:39:28 CDT" duration-ms="1" status="PASS">
          <params>
            <param index="0">
              <value>
                <![CDATA[public void com.bw.tests.i360.BestWesternWF1.TC_BestWesternWF2() throws java.lang.Exception]]>
              </value>
            </param>
            <param index="1">
              <value>
                <![CDATA[[TestResult name=TC_BestWesternWF2 status=FAILURE method=BestWesternWF1.TC_BestWesternWF2()[pri:0, instance:com.bw.tests.i360.BestWesternWF1@7bbc8656] output={null}]]]>
              </value>
            </param>
          </params>
          <reporter-output>
          </reporter-output>
        </test-method> <!-- updateTestResults -->
        <test-method is-config="true" signature="afterSuite()[pri:0, instance:com.bw.tests.i360.BestWesternWF1@7bbc8656]" started-at="2022-06-27T18:39:28 CDT" name="afterSuite" finished-at="2022-06-27T18:39:29 CDT" depends-on-methods="com.bw.tests.base.UIBaseTest.uiAfterSuite" duration-ms="225" status="PASS">
          <reporter-output>
          </reporter-output>
        </test-method> <!-- afterSuite -->
        <test-method is-config="true" signature="uiAfterSuite()[pri:0, instance:com.bw.tests.i360.BestWesternWF1@7bbc8656]" started-at="2022-06-27T18:39:28 CDT" name="uiAfterSuite" finished-at="2022-06-27T18:39:28 CDT" duration-ms="0" status="PASS">
          <reporter-output>
          </reporter-output>
        </test-method> <!-- uiAfterSuite -->
      </class> <!-- com.bw.tests.i360.BestWesternWF1 -->
    </test> <!-- Default test -->
  </suite> <!-- Default suite -->
</testng-results>
